*** Using Compiler 'V5.06 update 7 (build 960)', folder: 'C:\Keil_v5\ARM\ARMCC\Bin'
Rebuild target 'Gateway_Can_Hal'
assembling startup_stm32f103xb.s...
compiling stm32f1xx_hal_gpio_ex.c...
compiling can.c...
compiling stm32f1xx_hal_cortex.c...
compiling stm32f1xx_hal_msp.c...
compiling stm32f1xx_hal_gpio.c...
compiling spi.c...
compiling usart.c...
compiling stm32f1xx_hal_rcc_ex.c...
compiling gpio.c...
compiling stm32f1xx_hal_can.c...
compiling stm32f1xx_hal.c...
compiling stm32f1xx_hal_rcc.c...
compiling stm32f1xx_hal_dma.c...
compiling main.c...
compiling cJSON.c...
compiling stm32f1xx_it.c...
compiling event_groups.c...
compiling list.c...
compiling croutine.c...
compiling queue.c...
compiling timers.c...
compiling stream_buffer.c...
compiling tasks.c...
compiling heap_4.c...
compiling mqtt_interface.c...
compiling MQTTClient.c...
compiling port.c...
compiling w5500.c...
compiling wizchip_conf.c...
compiling socket.c...
compiling MQTTConnectClient.c...
compiling stm32f1xx_hal_pwr.c...
compiling MQTTConnectServer.c...
compiling MQTTDeserializePublish.c...
compiling stm32f1xx_hal_tim.c...
compiling MQTTFormat.c...
..\Inf\W5500\MQTTPacket\src\MQTTFormat.c(197): warning:  #550-D: variable "rc"  was set but never used
  		int rc;
..\Inf\W5500\MQTTPacket\src\MQTTFormat.c: 1 warning, 0 errors
compiling stm32f1xx_hal_exti.c...
compiling stm32f1xx_hal_flash.c...
compiling MQTTPacket.c...
compiling stm32f1xx_hal_tim_ex.c...
compiling MQTTSubscribeClient.c...
compiling MQTTSerializePublish.c...
compiling MQTTUnsubscribeServer.c...
compiling MQTTUnsubscribeClient.c...
compiling MQTTSubscribeServer.c...
compiling stm32f1xx_hal_flash_ex.c...
compiling system_stm32f1xx.c...
compiling stm32f1xx_hal_spi.c...
compiling Common_Debug.c...
compiling stm32f1xx_hal_uart.c...
compiling App_Task.c...
..\App\Task\App_Task.c(168): warning:  #167-D: argument of type "char *" is incompatible with parameter of type "uint8_t *"
              Inf_MQTT_Transmit("response", json, strlen(json));
..\App\Task\App_Task.c: 1 warning, 0 errors
compiling Inf_W5500.c...
compiling Driver_Can.c...
linking...
Program Size: Code=35376 RO-data=464 RW-data=344 ZI-data=18008  
FromELF: creating hex file...
"Gateway_Can_Hal\Gateway_Can_Hal.axf" - 0 Error(s), 2 Warning(s).
Build Time Elapsed:  00:00:07
